<?xml version="1.0" encoding="UTF-8"?>
<!-- Generated by org.testng.reporters.JUnitXMLReporter -->
<testsuite hostname="Chetuiwk1317" ignored="0" name="Test" tests="5" failures="1" timestamp="23 Jun 2017 11:36:24 GMT" time="23.182" errors="0">
  <testcase name="login" time="3.139" classname="app.modules.Login"/>
  <testcase name="clickAdmin" time="4.701" classname="app.modules.Admin"/>
  <testcase name="clickUserManagement" time="1.326" classname="app.modules.Admin"/>
  <testcase name="clickJob" time="0.111" classname="app.modules.Admin">
    <failure type="org.openqa.selenium.ElementNotInteractableException" message="
Build info: version: &amp;apos;unknown&amp;apos;, revision: &amp;apos;unknown&amp;apos;, time: &amp;apos;unknown&amp;apos;
System info: host: &amp;apos;CHETUIWK1317&amp;apos;, ip: &amp;apos;169.254.179.193&amp;apos;, os.name: &amp;apos;Windows 7&amp;apos;, os.arch: &amp;apos;amd64&amp;apos;, os.version: &amp;apos;6.1&amp;apos;, java.version: &amp;apos;1.8.0_131&amp;apos;
Driver info: org.openqa.selenium.firefox.FirefoxDriver
Capabilities [{moz:profile=C:\Users\amitk2\AppData\Local\Temp\rust_mozprofile.d6SH4SDQmQFP, rotatable=false, timeouts={implicit=0.0, pageLoad=300000.0, script=30000.0}, pageLoadStrategy=normal, platform=ANY, specificationLevel=0.0, moz:accessibilityChecks=false, acceptInsecureCerts=false, browserVersion=55.0, platformVersion=6.1, moz:processID=8844.0, browserName=firefox, javascriptEnabled=true, platformName=windows_nt}]
Session ID: 5d28a7c3-4bec-468f-8502-918f5d1e8133">
      <![CDATA[org.openqa.selenium.ElementNotInteractableException: 
Build info: version: 'unknown', revision: 'unknown', time: 'unknown'
System info: host: 'CHETUIWK1317', ip: '169.254.179.193', os.name: 'Windows 7', os.arch: 'amd64', os.version: '6.1', java.version: '1.8.0_131'
Driver info: org.openqa.selenium.firefox.FirefoxDriver
Capabilities [{moz:profile=C:\Users\amitk2\AppData\Local\Temp\rust_mozprofile.d6SH4SDQmQFP, rotatable=false, timeouts={implicit=0.0, pageLoad=300000.0, script=30000.0}, pageLoadStrategy=normal, platform=ANY, specificationLevel=0.0, moz:accessibilityChecks=false, acceptInsecureCerts=false, browserVersion=55.0, platformVersion=6.1, moz:processID=8844.0, browserName=firefox, javascriptEnabled=true, platformName=windows_nt}]
Session ID: 5d28a7c3-4bec-468f-8502-918f5d1e8133
	at org.openqa.selenium.remote.http.W3CHttpResponseCodec.createException(W3CHttpResponseCodec.java:150)
	at org.openqa.selenium.remote.http.W3CHttpResponseCodec.decode(W3CHttpResponseCodec.java:115)
	at org.openqa.selenium.remote.http.W3CHttpResponseCodec.decode(W3CHttpResponseCodec.java:45)
	at org.openqa.selenium.remote.HttpCommandExecutor.execute(HttpCommandExecutor.java:164)
	at org.openqa.selenium.remote.service.DriverCommandExecutor.execute(DriverCommandExecutor.java:82)
	at org.openqa.selenium.remote.RemoteWebDriver.execute(RemoteWebDriver.java:637)
	at org.openqa.selenium.remote.RemoteWebElement.execute(RemoteWebElement.java:272)
	at org.openqa.selenium.remote.RemoteWebElement.click(RemoteWebElement.java:82)
	at pom.UserManagementPOM.clickAdminsTab(UserManagementPOM.java:13)
	at app.modules.Admin.clickJob(Admin.java:37)
... Removed 29 stack frames]]>
    </failure>
  </testcase> <!-- clickJob -->
  <testcase name="clickPayGrades" time="1.266" classname="app.modules.Admin"/>
</testsuite> <!-- Test -->
